<?xml version="1.0" encoding="UTF-8"?>
<testsuite xmlns:xsi="http://www.w3.org/2001/XMLSchema-instance" xsi:noNamespaceSchemaLocation="https://maven.apache.org/surefire/maven-surefire-plugin/xsd/surefire-test-report-3.0.xsd" version="3.0" name="ua.edu.practice.integration.OrderTestContainersIntegrationTest" time="0.355" tests="1" errors="1" skipped="0" failures="0">
  <properties>
    <property name="java.specification.version" value="21"/>
    <property name="sun.jnu.encoding" value="UTF-8"/>
    <property name="java.class.path" value="/home/yarik/eu/eu-enterprise-programming-java/practice-10/target/test-classes:/home/yarik/eu/eu-enterprise-programming-java/practice-10/target/classes:/home/yarik/.m2/repository/org/springframework/boot/spring-boot-starter-web/3.1.5/spring-boot-starter-web-3.1.5.jar:/home/yarik/.m2/repository/org/springframework/boot/spring-boot-starter/3.1.5/spring-boot-starter-3.1.5.jar:/home/yarik/.m2/repository/org/springframework/boot/spring-boot/3.1.5/spring-boot-3.1.5.jar:/home/yarik/.m2/repository/org/springframework/boot/spring-boot-autoconfigure/3.1.5/spring-boot-autoconfigure-3.1.5.jar:/home/yarik/.m2/repository/org/springframework/boot/spring-boot-starter-logging/3.1.5/spring-boot-starter-logging-3.1.5.jar:/home/yarik/.m2/repository/ch/qos/logback/logback-classic/1.4.11/logback-classic-1.4.11.jar:/home/yarik/.m2/repository/ch/qos/logback/logback-core/1.4.11/logback-core-1.4.11.jar:/home/yarik/.m2/repository/org/apache/logging/log4j/log4j-to-slf4j/2.20.0/log4j-to-slf4j-2.20.0.jar:/home/yarik/.m2/repository/org/slf4j/jul-to-slf4j/2.0.9/jul-to-slf4j-2.0.9.jar:/home/yarik/.m2/repository/jakarta/annotation/jakarta.annotation-api/2.1.1/jakarta.annotation-api-2.1.1.jar:/home/yarik/.m2/repository/org/yaml/snakeyaml/1.33/snakeyaml-1.33.jar:/home/yarik/.m2/repository/org/springframework/boot/spring-boot-starter-json/3.1.5/spring-boot-starter-json-3.1.5.jar:/home/yarik/.m2/repository/com/fasterxml/jackson/datatype/jackson-datatype-jdk8/2.15.3/jackson-datatype-jdk8-2.15.3.jar:/home/yarik/.m2/repository/com/fasterxml/jackson/datatype/jackson-datatype-jsr310/2.15.3/jackson-datatype-jsr310-2.15.3.jar:/home/yarik/.m2/repository/com/fasterxml/jackson/module/jackson-module-parameter-names/2.15.3/jackson-module-parameter-names-2.15.3.jar:/home/yarik/.m2/repository/org/springframework/boot/spring-boot-starter-tomcat/3.1.5/spring-boot-starter-tomcat-3.1.5.jar:/home/yarik/.m2/repository/org/apache/tomcat/embed/tomcat-embed-core/10.1.15/tomcat-embed-core-10.1.15.jar:/home/yarik/.m2/repository/org/apache/tomcat/embed/tomcat-embed-websocket/10.1.15/tomcat-embed-websocket-10.1.15.jar:/home/yarik/.m2/repository/org/springframework/spring-web/6.0.13/spring-web-6.0.13.jar:/home/yarik/.m2/repository/org/springframework/spring-beans/6.0.13/spring-beans-6.0.13.jar:/home/yarik/.m2/repository/io/micrometer/micrometer-observation/1.11.5/micrometer-observation-1.11.5.jar:/home/yarik/.m2/repository/io/micrometer/micrometer-commons/1.11.5/micrometer-commons-1.11.5.jar:/home/yarik/.m2/repository/org/springframework/spring-webmvc/6.0.13/spring-webmvc-6.0.13.jar:/home/yarik/.m2/repository/org/springframework/spring-context/6.0.13/spring-context-6.0.13.jar:/home/yarik/.m2/repository/org/springframework/spring-expression/6.0.13/spring-expression-6.0.13.jar:/home/yarik/.m2/repository/org/springframework/boot/spring-boot-starter-data-jpa/3.1.5/spring-boot-starter-data-jpa-3.1.5.jar:/home/yarik/.m2/repository/org/springframework/boot/spring-boot-starter-aop/3.1.5/spring-boot-starter-aop-3.1.5.jar:/home/yarik/.m2/repository/org/aspectj/aspectjweaver/1.9.20/aspectjweaver-1.9.20.jar:/home/yarik/.m2/repository/org/springframework/boot/spring-boot-starter-jdbc/3.1.5/spring-boot-starter-jdbc-3.1.5.jar:/home/yarik/.m2/repository/com/zaxxer/HikariCP/5.0.1/HikariCP-5.0.1.jar:/home/yarik/.m2/repository/org/springframework/spring-jdbc/6.0.13/spring-jdbc-6.0.13.jar:/home/yarik/.m2/repository/org/hibernate/orm/hibernate-core/6.2.13.Final/hibernate-core-6.2.13.Final.jar:/home/yarik/.m2/repository/jakarta/persistence/jakarta.persistence-api/3.1.0/jakarta.persistence-api-3.1.0.jar:/home/yarik/.m2/repository/jakarta/transaction/jakarta.transaction-api/2.0.1/jakarta.transaction-api-2.0.1.jar:/home/yarik/.m2/repository/org/jboss/logging/jboss-logging/3.5.3.Final/jboss-logging-3.5.3.Final.jar:/home/yarik/.m2/repository/org/hibernate/common/hibernate-commons-annotations/6.0.6.Final/hibernate-commons-annotations-6.0.6.Final.jar:/home/yarik/.m2/repository/io/smallrye/jandex/3.0.5/jandex-3.0.5.jar:/home/yarik/.m2/repository/com/fasterxml/classmate/1.5.1/classmate-1.5.1.jar:/home/yarik/.m2/repository/org/glassfish/jaxb/jaxb-runtime/4.0.3/jaxb-runtime-4.0.3.jar:/home/yarik/.m2/repository/org/glassfish/jaxb/jaxb-core/4.0.3/jaxb-core-4.0.3.jar:/home/yarik/.m2/repository/org/eclipse/angus/angus-activation/2.0.1/angus-activation-2.0.1.jar:/home/yarik/.m2/repository/org/glassfish/jaxb/txw2/4.0.3/txw2-4.0.3.jar:/home/yarik/.m2/repository/com/sun/istack/istack-commons-runtime/4.1.2/istack-commons-runtime-4.1.2.jar:/home/yarik/.m2/repository/jakarta/inject/jakarta.inject-api/2.0.1/jakarta.inject-api-2.0.1.jar:/home/yarik/.m2/repository/org/antlr/antlr4-runtime/4.10.1/antlr4-runtime-4.10.1.jar:/home/yarik/.m2/repository/org/springframework/data/spring-data-jpa/3.1.5/spring-data-jpa-3.1.5.jar:/home/yarik/.m2/repository/org/springframework/data/spring-data-commons/3.1.5/spring-data-commons-3.1.5.jar:/home/yarik/.m2/repository/org/springframework/spring-orm/6.0.13/spring-orm-6.0.13.jar:/home/yarik/.m2/repository/org/springframework/spring-tx/6.0.13/spring-tx-6.0.13.jar:/home/yarik/.m2/repository/org/springframework/spring-aspects/6.0.13/spring-aspects-6.0.13.jar:/home/yarik/.m2/repository/org/springframework/boot/spring-boot-starter-security/3.1.5/spring-boot-starter-security-3.1.5.jar:/home/yarik/.m2/repository/org/springframework/spring-aop/6.0.13/spring-aop-6.0.13.jar:/home/yarik/.m2/repository/org/springframework/security/spring-security-config/6.1.5/spring-security-config-6.1.5.jar:/home/yarik/.m2/repository/org/springframework/security/spring-security-web/6.1.5/spring-security-web-6.1.5.jar:/home/yarik/.m2/repository/org/springframework/boot/spring-boot-starter-validation/3.1.5/spring-boot-starter-validation-3.1.5.jar:/home/yarik/.m2/repository/org/apache/tomcat/embed/tomcat-embed-el/10.1.15/tomcat-embed-el-10.1.15.jar:/home/yarik/.m2/repository/org/hibernate/validator/hibernate-validator/8.0.1.Final/hibernate-validator-8.0.1.Final.jar:/home/yarik/.m2/repository/jakarta/validation/jakarta.validation-api/3.0.2/jakarta.validation-api-3.0.2.jar:/home/yarik/.m2/repository/com/h2database/h2/2.1.214/h2-2.1.214.jar:/home/yarik/.m2/repository/org/postgresql/postgresql/42.6.0/postgresql-42.6.0.jar:/home/yarik/.m2/repository/org/checkerframework/checker-qual/3.31.0/checker-qual-3.31.0.jar:/home/yarik/.m2/repository/org/projectlombok/lombok/1.18.30/lombok-1.18.30.jar:/home/yarik/.m2/repository/com/fasterxml/jackson/core/jackson-databind/2.15.3/jackson-databind-2.15.3.jar:/home/yarik/.m2/repository/com/fasterxml/jackson/core/jackson-annotations/2.15.3/jackson-annotations-2.15.3.jar:/home/yarik/.m2/repository/com/fasterxml/jackson/core/jackson-core/2.15.3/jackson-core-2.15.3.jar:/home/yarik/.m2/repository/org/springframework/boot/spring-boot-starter-test/3.1.5/spring-boot-starter-test-3.1.5.jar:/home/yarik/.m2/repository/org/springframework/boot/spring-boot-test/3.1.5/spring-boot-test-3.1.5.jar:/home/yarik/.m2/repository/org/springframework/boot/spring-boot-test-autoconfigure/3.1.5/spring-boot-test-autoconfigure-3.1.5.jar:/home/yarik/.m2/repository/com/jayway/jsonpath/json-path/2.8.0/json-path-2.8.0.jar:/home/yarik/.m2/repository/jakarta/xml/bind/jakarta.xml.bind-api/4.0.1/jakarta.xml.bind-api-4.0.1.jar:/home/yarik/.m2/repository/jakarta/activation/jakarta.activation-api/2.1.2/jakarta.activation-api-2.1.2.jar:/home/yarik/.m2/repository/net/minidev/json-smart/2.4.11/json-smart-2.4.11.jar:/home/yarik/.m2/repository/net/minidev/accessors-smart/2.4.11/accessors-smart-2.4.11.jar:/home/yarik/.m2/repository/org/hamcrest/hamcrest/2.2/hamcrest-2.2.jar:/home/yarik/.m2/repository/org/mockito/mockito-core/5.3.1/mockito-core-5.3.1.jar:/home/yarik/.m2/repository/net/bytebuddy/byte-buddy-agent/1.14.9/byte-buddy-agent-1.14.9.jar:/home/yarik/.m2/repository/org/objenesis/objenesis/3.3/objenesis-3.3.jar:/home/yarik/.m2/repository/org/skyscreamer/jsonassert/1.5.1/jsonassert-1.5.1.jar:/home/yarik/.m2/repository/com/vaadin/external/google/android-json/0.0.20131108.vaadin1/android-json-0.0.20131108.vaadin1.jar:/home/yarik/.m2/repository/org/springframework/spring-core/6.0.13/spring-core-6.0.13.jar:/home/yarik/.m2/repository/org/springframework/spring-jcl/6.0.13/spring-jcl-6.0.13.jar:/home/yarik/.m2/repository/org/springframework/spring-test/6.0.13/spring-test-6.0.13.jar:/home/yarik/.m2/repository/org/xmlunit/xmlunit-core/2.9.1/xmlunit-core-2.9.1.jar:/home/yarik/.m2/repository/org/springframework/security/spring-security-test/6.1.5/spring-security-test-6.1.5.jar:/home/yarik/.m2/repository/org/springframework/security/spring-security-core/6.1.5/spring-security-core-6.1.5.jar:/home/yarik/.m2/repository/org/springframework/security/spring-security-crypto/6.1.5/spring-security-crypto-6.1.5.jar:/home/yarik/.m2/repository/org/junit/jupiter/junit-jupiter/5.9.3/junit-jupiter-5.9.3.jar:/home/yarik/.m2/repository/org/junit/jupiter/junit-jupiter-api/5.9.3/junit-jupiter-api-5.9.3.jar:/home/yarik/.m2/repository/org/opentest4j/opentest4j/1.2.0/opentest4j-1.2.0.jar:/home/yarik/.m2/repository/org/junit/platform/junit-platform-commons/1.9.3/junit-platform-commons-1.9.3.jar:/home/yarik/.m2/repository/org/junit/jupiter/junit-jupiter-params/5.9.3/junit-jupiter-params-5.9.3.jar:/home/yarik/.m2/repository/org/junit/jupiter/junit-jupiter-engine/5.9.3/junit-jupiter-engine-5.9.3.jar:/home/yarik/.m2/repository/org/junit/platform/junit-platform-engine/1.9.3/junit-platform-engine-1.9.3.jar:/home/yarik/.m2/repository/org/mockito/mockito-junit-jupiter/5.3.1/mockito-junit-jupiter-5.3.1.jar:/home/yarik/.m2/repository/org/assertj/assertj-core/3.24.2/assertj-core-3.24.2.jar:/home/yarik/.m2/repository/net/bytebuddy/byte-buddy/1.14.9/byte-buddy-1.14.9.jar:/home/yarik/.m2/repository/org/testcontainers/junit-jupiter/1.18.3/junit-jupiter-1.18.3.jar:/home/yarik/.m2/repository/org/testcontainers/testcontainers/1.18.3/testcontainers-1.18.3.jar:/home/yarik/.m2/repository/junit/junit/4.13.2/junit-4.13.2.jar:/home/yarik/.m2/repository/org/apache/commons/commons-compress/1.23.0/commons-compress-1.23.0.jar:/home/yarik/.m2/repository/org/rnorth/duct-tape/duct-tape/1.0.8/duct-tape-1.0.8.jar:/home/yarik/.m2/repository/com/github/docker-java/docker-java-api/3.3.0/docker-java-api-3.3.0.jar:/home/yarik/.m2/repository/com/github/docker-java/docker-java-transport-zerodep/3.3.0/docker-java-transport-zerodep-3.3.0.jar:/home/yarik/.m2/repository/com/github/docker-java/docker-java-transport/3.3.0/docker-java-transport-3.3.0.jar:/home/yarik/.m2/repository/net/java/dev/jna/jna/5.12.1/jna-5.12.1.jar:/home/yarik/.m2/repository/org/testcontainers/postgresql/1.18.3/postgresql-1.18.3.jar:/home/yarik/.m2/repository/org/testcontainers/jdbc/1.18.3/jdbc-1.18.3.jar:/home/yarik/.m2/repository/org/testcontainers/database-commons/1.18.3/database-commons-1.18.3.jar:/home/yarik/.m2/repository/com/github/tomakehurst/wiremock-jre8/2.35.0/wiremock-jre8-2.35.0.jar:/home/yarik/.m2/repository/org/eclipse/jetty/jetty-server/11.0.17/jetty-server-11.0.17.jar:/home/yarik/.m2/repository/org/eclipse/jetty/toolchain/jetty-jakarta-servlet-api/5.0.2/jetty-jakarta-servlet-api-5.0.2.jar:/home/yarik/.m2/repository/org/eclipse/jetty/jetty-http/11.0.17/jetty-http-11.0.17.jar:/home/yarik/.m2/repository/org/eclipse/jetty/jetty-io/11.0.17/jetty-io-11.0.17.jar:/home/yarik/.m2/repository/org/eclipse/jetty/jetty-servlet/11.0.17/jetty-servlet-11.0.17.jar:/home/yarik/.m2/repository/org/eclipse/jetty/jetty-security/11.0.17/jetty-security-11.0.17.jar:/home/yarik/.m2/repository/org/eclipse/jetty/jetty-servlets/11.0.17/jetty-servlets-11.0.17.jar:/home/yarik/.m2/repository/org/eclipse/jetty/jetty-util/11.0.17/jetty-util-11.0.17.jar:/home/yarik/.m2/repository/org/eclipse/jetty/jetty-webapp/11.0.17/jetty-webapp-11.0.17.jar:/home/yarik/.m2/repository/org/eclipse/jetty/jetty-xml/11.0.17/jetty-xml-11.0.17.jar:/home/yarik/.m2/repository/org/eclipse/jetty/jetty-proxy/11.0.17/jetty-proxy-11.0.17.jar:/home/yarik/.m2/repository/org/eclipse/jetty/jetty-client/11.0.17/jetty-client-11.0.17.jar:/home/yarik/.m2/repository/org/eclipse/jetty/http2/http2-server/11.0.17/http2-server-11.0.17.jar:/home/yarik/.m2/repository/org/eclipse/jetty/http2/http2-common/11.0.17/http2-common-11.0.17.jar:/home/yarik/.m2/repository/org/eclipse/jetty/http2/http2-hpack/11.0.17/http2-hpack-11.0.17.jar:/home/yarik/.m2/repository/org/eclipse/jetty/jetty-alpn-server/11.0.17/jetty-alpn-server-11.0.17.jar:/home/yarik/.m2/repository/org/eclipse/jetty/jetty-alpn-java-server/11.0.17/jetty-alpn-java-server-11.0.17.jar:/home/yarik/.m2/repository/org/eclipse/jetty/jetty-alpn-openjdk8-server/9.4.49.v20220914/jetty-alpn-openjdk8-server-9.4.49.v20220914.jar:/home/yarik/.m2/repository/org/eclipse/jetty/jetty-alpn-java-client/11.0.17/jetty-alpn-java-client-11.0.17.jar:/home/yarik/.m2/repository/org/eclipse/jetty/jetty-alpn-client/11.0.17/jetty-alpn-client-11.0.17.jar:/home/yarik/.m2/repository/org/eclipse/jetty/jetty-alpn-openjdk8-client/9.4.49.v20220914/jetty-alpn-openjdk8-client-9.4.49.v20220914.jar:/home/yarik/.m2/repository/com/google/guava/guava/31.1-jre/guava-31.1-jre.jar:/home/yarik/.m2/repository/com/google/guava/failureaccess/1.0.1/failureaccess-1.0.1.jar:/home/yarik/.m2/repository/com/google/guava/listenablefuture/9999.0-empty-to-avoid-conflict-with-guava/listenablefuture-9999.0-empty-to-avoid-conflict-with-guava.jar:/home/yarik/.m2/repository/com/google/code/findbugs/jsr305/3.0.2/jsr305-3.0.2.jar:/home/yarik/.m2/repository/com/google/errorprone/error_prone_annotations/2.11.0/error_prone_annotations-2.11.0.jar:/home/yarik/.m2/repository/com/google/j2objc/j2objc-annotations/1.3/j2objc-annotations-1.3.jar:/home/yarik/.m2/repository/org/apache/httpcomponents/client5/httpclient5/5.2.1/httpclient5-5.2.1.jar:/home/yarik/.m2/repository/org/apache/httpcomponents/core5/httpcore5/5.2.3/httpcore5-5.2.3.jar:/home/yarik/.m2/repository/org/apache/httpcomponents/core5/httpcore5-h2/5.2.3/httpcore5-h2-5.2.3.jar:/home/yarik/.m2/repository/org/xmlunit/xmlunit-legacy/2.9.1/xmlunit-legacy-2.9.1.jar:/home/yarik/.m2/repository/org/xmlunit/xmlunit-placeholders/2.9.1/xmlunit-placeholders-2.9.1.jar:/home/yarik/.m2/repository/net/javacrumbs/json-unit/json-unit-core/2.36.0/json-unit-core-2.36.0.jar:/home/yarik/.m2/repository/org/hamcrest/hamcrest-core/2.2/hamcrest-core-2.2.jar:/home/yarik/.m2/repository/org/ow2/asm/asm/9.4/asm-9.4.jar:/home/yarik/.m2/repository/net/sf/jopt-simple/jopt-simple/5.0.4/jopt-simple-5.0.4.jar:/home/yarik/.m2/repository/org/apache/commons/commons-lang3/3.12.0/commons-lang3-3.12.0.jar:/home/yarik/.m2/repository/com/github/jknack/handlebars/4.3.1/handlebars-4.3.1.jar:/home/yarik/.m2/repository/com/github/jknack/handlebars-helpers/4.3.1/handlebars-helpers-4.3.1.jar:/home/yarik/.m2/repository/commons-fileupload/commons-fileupload/1.4/commons-fileupload-1.4.jar:/home/yarik/.m2/repository/commons-io/commons-io/2.11.0/commons-io-2.11.0.jar:/home/yarik/.m2/repository/org/slf4j/slf4j-api/2.0.9/slf4j-api-2.0.9.jar:/home/yarik/.m2/repository/org/apache/jmeter/ApacheJMeter_core/5.5/ApacheJMeter_core-5.5.jar:/home/yarik/.m2/repository/org/apache/jmeter/ApacheJMeter/5.5/ApacheJMeter-5.5.jar:/home/yarik/.m2/repository/org/apache/jmeter/jorphan/5.5/jorphan-5.5.jar:/home/yarik/.m2/repository/bsf/bsf/2.4.0/bsf-2.4.0.jar:/home/yarik/.m2/repository/commons-logging/commons-logging/1.0.4/commons-logging-1.0.4.jar:/home/yarik/.m2/repository/com/fifesoft/rsyntaxtextarea/3.2.0/rsyntaxtextarea-3.2.0.jar:/home/yarik/.m2/repository/net/sf/jtidy/jtidy/r938/jtidy-r938.jar:/home/yarik/.m2/repository/com/thoughtworks/xstream/xstream/1.4.19/xstream-1.4.19.jar:/home/yarik/.m2/repository/io/github/x-stream/mxparser/1.2.2/mxparser-1.2.2.jar:/home/yarik/.m2/repository/xmlpull/xmlpull/1.1.3.1/xmlpull-1.1.3.1.jar:/home/yarik/.m2/repository/org/apache/logging/log4j/log4j-1.2-api/2.20.0/log4j-1.2-api-2.20.0.jar:/home/yarik/.m2/repository/org/apache/logging/log4j/log4j-api/2.20.0/log4j-api-2.20.0.jar:/home/yarik/.m2/repository/org/apache/logging/log4j/log4j-core/2.20.0/log4j-core-2.20.0.jar:/home/yarik/.m2/repository/org/apache/logging/log4j/log4j-slf4j-impl/2.20.0/log4j-slf4j-impl-2.20.0.jar:/home/yarik/.m2/repository/org/apiguardian/apiguardian-api/1.1.2/apiguardian-api-1.1.2.jar:/home/yarik/.m2/repository/oro/oro/2.0.8/oro-2.0.8.jar:/home/yarik/.m2/repository/xalan/xalan/2.7.2/xalan-2.7.2.jar:/home/yarik/.m2/repository/xalan/serializer/2.7.2/serializer-2.7.2.jar:/home/yarik/.m2/repository/net/sf/saxon/Saxon-HE/11.3/Saxon-HE-11.3.jar:/home/yarik/.m2/repository/org/xmlresolver/xmlresolver/4.2.0/xmlresolver-4.2.0.jar:/home/yarik/.m2/repository/org/apache/httpcomponents/httpclient/4.5.13/httpclient-4.5.13.jar:/home/yarik/.m2/repository/org/apache/httpcomponents/httpcore/4.4.16/httpcore-4.4.16.jar:/home/yarik/.m2/repository/org/xmlresolver/xmlresolver/4.2.0/xmlresolver-4.2.0-data.jar:/home/yarik/.m2/repository/org/jetbrains/kotlin/kotlin-stdlib-jdk8/1.8.22/kotlin-stdlib-jdk8-1.8.22.jar:/home/yarik/.m2/repository/org/jetbrains/kotlin/kotlin-stdlib/1.8.22/kotlin-stdlib-1.8.22.jar:/home/yarik/.m2/repository/org/jetbrains/kotlin/kotlin-stdlib-jdk7/1.8.22/kotlin-stdlib-jdk7-1.8.22.jar:/home/yarik/.m2/repository/org/jetbrains/kotlinx/kotlinx-coroutines-core/1.6.4/kotlinx-coroutines-core-1.6.4.jar:/home/yarik/.m2/repository/org/jetbrains/kotlinx/kotlinx-coroutines-core-jvm/1.6.4/kotlinx-coroutines-core-jvm-1.6.4.jar:/home/yarik/.m2/repository/org/jetbrains/kotlinx/kotlinx-coroutines-swing/1.6.4/kotlinx-coroutines-swing-1.6.4.jar:/home/yarik/.m2/repository/com/formdev/svgSalamander/1.1.2.4/svgSalamander-1.1.2.4.jar:/home/yarik/.m2/repository/com/github/ben-manes/caffeine/caffeine/3.1.8/caffeine-3.1.8.jar:/home/yarik/.m2/repository/com/github/weisj/darklaf-core/2.7.3/darklaf-core-2.7.3.jar:/home/yarik/.m2/repository/com/github/weisj/darklaf-utils/2.7.3/darklaf-utils-2.7.3.jar:/home/yarik/.m2/repository/com/github/weisj/darklaf-native-utils/2.7.3/darklaf-native-utils-2.7.3.jar:/home/yarik/.m2/repository/com/github/weisj/darklaf-platform-base/2.7.3/darklaf-platform-base-2.7.3.jar:/home/yarik/.m2/repository/com/github/weisj/darklaf-windows/2.7.3/darklaf-windows-2.7.3.jar:/home/yarik/.m2/repository/com/github/weisj/darklaf-macos/2.7.3/darklaf-macos-2.7.3.jar:/home/yarik/.m2/repository/com/github/weisj/swing-extensions-laf-support/0.1.3/swing-extensions-laf-support-0.1.3.jar:/home/yarik/.m2/repository/com/github/weisj/darklaf-theme/2.7.3/darklaf-theme-2.7.3.jar:/home/yarik/.m2/repository/com/github/weisj/darklaf-property-loader/2.7.3/darklaf-property-loader-2.7.3.jar:/home/yarik/.m2/repository/com/github/weisj/swing-extensions-visual-padding/0.1.3/swing-extensions-visual-padding-0.1.3.jar:/home/yarik/.m2/repository/org/jetbrains/annotations/16.0.2/annotations-16.0.2.jar:/home/yarik/.m2/repository/com/github/weisj/darklaf-extensions-rsyntaxarea/0.3.4/darklaf-extensions-rsyntaxarea-0.3.4.jar:/home/yarik/.m2/repository/com/miglayout/miglayout-swing/5.3/miglayout-swing-5.3.jar:/home/yarik/.m2/repository/com/miglayout/miglayout-core/5.3/miglayout-core-5.3.jar:/home/yarik/.m2/repository/commons-codec/commons-codec/1.15/commons-codec-1.15.jar:/home/yarik/.m2/repository/commons-collections/commons-collections/3.2.2/commons-collections-3.2.2.jar:/home/yarik/.m2/repository/org/jetbrains/lets-plot/lets-plot-batik/2.2.1/lets-plot-batik-2.2.1.jar:/home/yarik/.m2/repository/org/apache/xmlgraphics/batik-codec/1.14/batik-codec-1.14.jar:/home/yarik/.m2/repository/org/apache/xmlgraphics/batik-awt-util/1.14/batik-awt-util-1.14.jar:/home/yarik/.m2/repository/org/apache/xmlgraphics/batik-bridge/1.14/batik-bridge-1.14.jar:/home/yarik/.m2/repository/org/apache/xmlgraphics/batik-anim/1.14/batik-anim-1.14.jar:/home/yarik/.m2/repository/org/apache/xmlgraphics/batik-ext/1.14/batik-ext-1.14.jar:/home/yarik/.m2/repository/org/apache/xmlgraphics/batik-css/1.14/batik-css-1.14.jar:/home/yarik/.m2/repository/org/apache/xmlgraphics/batik-dom/1.14/batik-dom-1.14.jar:/home/yarik/.m2/repository/org/apache/xmlgraphics/batik-gvt/1.14/batik-gvt-1.14.jar:/home/yarik/.m2/repository/org/apache/xmlgraphics/batik-parser/1.14/batik-parser-1.14.jar:/home/yarik/.m2/repository/org/apache/xmlgraphics/batik-script/1.14/batik-script-1.14.jar:/home/yarik/.m2/repository/org/apache/xmlgraphics/batik-svg-dom/1.14/batik-svg-dom-1.14.jar:/home/yarik/.m2/repository/org/apache/xmlgraphics/batik-xml/1.14/batik-xml-1.14.jar:/home/yarik/.m2/repository/xml-apis/xml-apis-ext/1.3.04/xml-apis-ext-1.3.04.jar:/home/yarik/.m2/repository/org/apache/xmlgraphics/batik-shared-resources/1.14/batik-shared-resources-1.14.jar:/home/yarik/.m2/repository/org/apache/xmlgraphics/batik-transcoder/1.14/batik-transcoder-1.14.jar:/home/yarik/.m2/repository/org/apache/xmlgraphics/batik-svggen/1.14/batik-svggen-1.14.jar:/home/yarik/.m2/repository/org/apache/xmlgraphics/batik-util/1.14/batik-util-1.14.jar:/home/yarik/.m2/repository/org/apache/xmlgraphics/batik-constants/1.14/batik-constants-1.14.jar:/home/yarik/.m2/repository/org/apache/xmlgraphics/batik-i18n/1.14/batik-i18n-1.14.jar:/home/yarik/.m2/repository/org/jetbrains/lets-plot/lets-plot-common/2.2.1/lets-plot-common-2.2.1.jar:/home/yarik/.m2/repository/io/github/microutils/kotlin-logging/2.0.5/kotlin-logging-2.0.5.jar:/home/yarik/.m2/repository/org/jetbrains/kotlinx/kotlinx-html-jvm/0.7.3/kotlinx-html-jvm-0.7.3.jar:/home/yarik/.m2/repository/org/jetbrains/lets-plot/lets-plot-kotlin-jvm/3.1.1/lets-plot-kotlin-jvm-3.1.1.jar:/home/yarik/.m2/repository/org/jetbrains/lets-plot/base-portable-jvm/2.2.1/base-portable-jvm-2.2.1.jar:/home/yarik/.m2/repository/org/jetbrains/lets-plot/plot-base-portable-jvm/2.2.1/plot-base-portable-jvm-2.2.1.jar:/home/yarik/.m2/repository/org/jetbrains/lets-plot/vis-svg-portable-jvm/2.2.1/vis-svg-portable-jvm-2.2.1.jar:/home/yarik/.m2/repository/org/jetbrains/lets-plot/plot-common-portable-jvm/2.2.1/plot-common-portable-jvm-2.2.1.jar:/home/yarik/.m2/repository/org/jetbrains/lets-plot/plot-builder-portable-jvm/2.2.1/plot-builder-portable-jvm-2.2.1.jar:/home/yarik/.m2/repository/org/jetbrains/lets-plot/plot-config-portable-jvm/2.2.1/plot-config-portable-jvm-2.2.1.jar:/home/yarik/.m2/repository/org/jetbrains/kotlin/kotlin-stdlib-common/1.8.22/kotlin-stdlib-common-1.8.22.jar:/home/yarik/.m2/repository/io/github/microutils/kotlin-logging-jvm/2.0.5/kotlin-logging-jvm-2.0.5.jar:/home/yarik/.m2/repository/org/apache/commons/commons-collections4/4.4/commons-collections4-4.4.jar:/home/yarik/.m2/repository/org/apache/commons/commons-math3/3.6.1/commons-math3-3.6.1.jar:/home/yarik/.m2/repository/org/apache/commons/commons-text/1.9/commons-text-1.9.jar:/home/yarik/.m2/repository/org/apache/tika/tika-core/1.28.3/tika-core-1.28.3.jar:/home/yarik/.m2/repository/org/apache/xmlgraphics/xmlgraphics-commons/2.7/xmlgraphics-commons-2.7.jar:/home/yarik/.m2/repository/org/freemarker/freemarker/2.3.32/freemarker-2.3.32.jar:/home/yarik/.m2/repository/org/jodd/jodd-core/5.0.13/jodd-core-5.0.13.jar:/home/yarik/.m2/repository/org/jodd/jodd-props/5.0.13/jodd-props-5.0.13.jar:/home/yarik/.m2/repository/org/mozilla/rhino/1.7.14/rhino-1.7.14.jar:/home/yarik/.m2/repository/org/slf4j/jcl-over-slf4j/2.0.9/jcl-over-slf4j-2.0.9.jar:/home/yarik/.m2/repository/org/codehaus/groovy/groovy/3.0.11/groovy-3.0.11.jar:/home/yarik/.m2/repository/org/codehaus/groovy/groovy-dateutil/3.0.11/groovy-dateutil-3.0.11.jar:/home/yarik/.m2/repository/org/codehaus/groovy/groovy-datetime/3.0.11/groovy-datetime-3.0.11.jar:/home/yarik/.m2/repository/org/codehaus/groovy/groovy-jmx/3.0.11/groovy-jmx-3.0.11.jar:/home/yarik/.m2/repository/org/codehaus/groovy/groovy-json/3.0.11/groovy-json-3.0.11.jar:/home/yarik/.m2/repository/org/codehaus/groovy/groovy-jsr223/3.0.11/groovy-jsr223-3.0.11.jar:/home/yarik/.m2/repository/org/codehaus/groovy/groovy-sql/3.0.11/groovy-sql-3.0.11.jar:/home/yarik/.m2/repository/org/codehaus/groovy/groovy-templates/3.0.11/groovy-templates-3.0.11.jar:/home/yarik/.m2/repository/org/codehaus/groovy/groovy-xml/3.0.11/groovy-xml-3.0.11.jar:/home/yarik/.m2/repository/org/apache/tika/tika-parsers/1.28.3/tika-parsers-1.28.3.jar:/home/yarik/.m2/repository/xerces/xercesImpl/2.12.2/xercesImpl-2.12.2.jar:/home/yarik/.m2/repository/xml-apis/xml-apis/1.4.01/xml-apis-1.4.01.jar:"/>
    <property name="java.vm.vendor" value="Ubuntu"/>
    <property name="sun.arch.data.model" value="64"/>
    <property name="java.vendor.url" value="https://ubuntu.com/"/>
    <property name="user.timezone" value="Etc/UTC"/>
    <property name="org.jboss.logging.provider" value="slf4j"/>
    <property name="os.name" value="Linux"/>
    <property name="java.vm.specification.version" value="21"/>
    <property name="sun.java.launcher" value="SUN_STANDARD"/>
    <property name="sun.boot.library.path" value="/usr/lib/jvm/java-21-openjdk-amd64/lib"/>
    <property name="sun.java.command" value="/home/yarik/eu/eu-enterprise-programming-java/practice-10/target/surefire/surefirebooter-20251005091734380_3.jar /home/yarik/eu/eu-enterprise-programming-java/practice-10/target/surefire 2025-10-05T09-17-28_924-jvmRun1 surefire-20251005091734380_1tmp surefire_0-20251005091734380_2tmp"/>
    <property name="jdk.debug" value="release"/>
    <property name="surefire.test.class.path" value="/home/yarik/eu/eu-enterprise-programming-java/practice-10/target/test-classes:/home/yarik/eu/eu-enterprise-programming-java/practice-10/target/classes:/home/yarik/.m2/repository/org/springframework/boot/spring-boot-starter-web/3.1.5/spring-boot-starter-web-3.1.5.jar:/home/yarik/.m2/repository/org/springframework/boot/spring-boot-starter/3.1.5/spring-boot-starter-3.1.5.jar:/home/yarik/.m2/repository/org/springframework/boot/spring-boot/3.1.5/spring-boot-3.1.5.jar:/home/yarik/.m2/repository/org/springframework/boot/spring-boot-autoconfigure/3.1.5/spring-boot-autoconfigure-3.1.5.jar:/home/yarik/.m2/repository/org/springframework/boot/spring-boot-starter-logging/3.1.5/spring-boot-starter-logging-3.1.5.jar:/home/yarik/.m2/repository/ch/qos/logback/logback-classic/1.4.11/logback-classic-1.4.11.jar:/home/yarik/.m2/repository/ch/qos/logback/logback-core/1.4.11/logback-core-1.4.11.jar:/home/yarik/.m2/repository/org/apache/logging/log4j/log4j-to-slf4j/2.20.0/log4j-to-slf4j-2.20.0.jar:/home/yarik/.m2/repository/org/slf4j/jul-to-slf4j/2.0.9/jul-to-slf4j-2.0.9.jar:/home/yarik/.m2/repository/jakarta/annotation/jakarta.annotation-api/2.1.1/jakarta.annotation-api-2.1.1.jar:/home/yarik/.m2/repository/org/yaml/snakeyaml/1.33/snakeyaml-1.33.jar:/home/yarik/.m2/repository/org/springframework/boot/spring-boot-starter-json/3.1.5/spring-boot-starter-json-3.1.5.jar:/home/yarik/.m2/repository/com/fasterxml/jackson/datatype/jackson-datatype-jdk8/2.15.3/jackson-datatype-jdk8-2.15.3.jar:/home/yarik/.m2/repository/com/fasterxml/jackson/datatype/jackson-datatype-jsr310/2.15.3/jackson-datatype-jsr310-2.15.3.jar:/home/yarik/.m2/repository/com/fasterxml/jackson/module/jackson-module-parameter-names/2.15.3/jackson-module-parameter-names-2.15.3.jar:/home/yarik/.m2/repository/org/springframework/boot/spring-boot-starter-tomcat/3.1.5/spring-boot-starter-tomcat-3.1.5.jar:/home/yarik/.m2/repository/org/apache/tomcat/embed/tomcat-embed-core/10.1.15/tomcat-embed-core-10.1.15.jar:/home/yarik/.m2/repository/org/apache/tomcat/embed/tomcat-embed-websocket/10.1.15/tomcat-embed-websocket-10.1.15.jar:/home/yarik/.m2/repository/org/springframework/spring-web/6.0.13/spring-web-6.0.13.jar:/home/yarik/.m2/repository/org/springframework/spring-beans/6.0.13/spring-beans-6.0.13.jar:/home/yarik/.m2/repository/io/micrometer/micrometer-observation/1.11.5/micrometer-observation-1.11.5.jar:/home/yarik/.m2/repository/io/micrometer/micrometer-commons/1.11.5/micrometer-commons-1.11.5.jar:/home/yarik/.m2/repository/org/springframework/spring-webmvc/6.0.13/spring-webmvc-6.0.13.jar:/home/yarik/.m2/repository/org/springframework/spring-context/6.0.13/spring-context-6.0.13.jar:/home/yarik/.m2/repository/org/springframework/spring-expression/6.0.13/spring-expression-6.0.13.jar:/home/yarik/.m2/repository/org/springframework/boot/spring-boot-starter-data-jpa/3.1.5/spring-boot-starter-data-jpa-3.1.5.jar:/home/yarik/.m2/repository/org/springframework/boot/spring-boot-starter-aop/3.1.5/spring-boot-starter-aop-3.1.5.jar:/home/yarik/.m2/repository/org/aspectj/aspectjweaver/1.9.20/aspectjweaver-1.9.20.jar:/home/yarik/.m2/repository/org/springframework/boot/spring-boot-starter-jdbc/3.1.5/spring-boot-starter-jdbc-3.1.5.jar:/home/yarik/.m2/repository/com/zaxxer/HikariCP/5.0.1/HikariCP-5.0.1.jar:/home/yarik/.m2/repository/org/springframework/spring-jdbc/6.0.13/spring-jdbc-6.0.13.jar:/home/yarik/.m2/repository/org/hibernate/orm/hibernate-core/6.2.13.Final/hibernate-core-6.2.13.Final.jar:/home/yarik/.m2/repository/jakarta/persistence/jakarta.persistence-api/3.1.0/jakarta.persistence-api-3.1.0.jar:/home/yarik/.m2/repository/jakarta/transaction/jakarta.transaction-api/2.0.1/jakarta.transaction-api-2.0.1.jar:/home/yarik/.m2/repository/org/jboss/logging/jboss-logging/3.5.3.Final/jboss-logging-3.5.3.Final.jar:/home/yarik/.m2/repository/org/hibernate/common/hibernate-commons-annotations/6.0.6.Final/hibernate-commons-annotations-6.0.6.Final.jar:/home/yarik/.m2/repository/io/smallrye/jandex/3.0.5/jandex-3.0.5.jar:/home/yarik/.m2/repository/com/fasterxml/classmate/1.5.1/classmate-1.5.1.jar:/home/yarik/.m2/repository/org/glassfish/jaxb/jaxb-runtime/4.0.3/jaxb-runtime-4.0.3.jar:/home/yarik/.m2/repository/org/glassfish/jaxb/jaxb-core/4.0.3/jaxb-core-4.0.3.jar:/home/yarik/.m2/repository/org/eclipse/angus/angus-activation/2.0.1/angus-activation-2.0.1.jar:/home/yarik/.m2/repository/org/glassfish/jaxb/txw2/4.0.3/txw2-4.0.3.jar:/home/yarik/.m2/repository/com/sun/istack/istack-commons-runtime/4.1.2/istack-commons-runtime-4.1.2.jar:/home/yarik/.m2/repository/jakarta/inject/jakarta.inject-api/2.0.1/jakarta.inject-api-2.0.1.jar:/home/yarik/.m2/repository/org/antlr/antlr4-runtime/4.10.1/antlr4-runtime-4.10.1.jar:/home/yarik/.m2/repository/org/springframework/data/spring-data-jpa/3.1.5/spring-data-jpa-3.1.5.jar:/home/yarik/.m2/repository/org/springframework/data/spring-data-commons/3.1.5/spring-data-commons-3.1.5.jar:/home/yarik/.m2/repository/org/springframework/spring-orm/6.0.13/spring-orm-6.0.13.jar:/home/yarik/.m2/repository/org/springframework/spring-tx/6.0.13/spring-tx-6.0.13.jar:/home/yarik/.m2/repository/org/springframework/spring-aspects/6.0.13/spring-aspects-6.0.13.jar:/home/yarik/.m2/repository/org/springframework/boot/spring-boot-starter-security/3.1.5/spring-boot-starter-security-3.1.5.jar:/home/yarik/.m2/repository/org/springframework/spring-aop/6.0.13/spring-aop-6.0.13.jar:/home/yarik/.m2/repository/org/springframework/security/spring-security-config/6.1.5/spring-security-config-6.1.5.jar:/home/yarik/.m2/repository/org/springframework/security/spring-security-web/6.1.5/spring-security-web-6.1.5.jar:/home/yarik/.m2/repository/org/springframework/boot/spring-boot-starter-validation/3.1.5/spring-boot-starter-validation-3.1.5.jar:/home/yarik/.m2/repository/org/apache/tomcat/embed/tomcat-embed-el/10.1.15/tomcat-embed-el-10.1.15.jar:/home/yarik/.m2/repository/org/hibernate/validator/hibernate-validator/8.0.1.Final/hibernate-validator-8.0.1.Final.jar:/home/yarik/.m2/repository/jakarta/validation/jakarta.validation-api/3.0.2/jakarta.validation-api-3.0.2.jar:/home/yarik/.m2/repository/com/h2database/h2/2.1.214/h2-2.1.214.jar:/home/yarik/.m2/repository/org/postgresql/postgresql/42.6.0/postgresql-42.6.0.jar:/home/yarik/.m2/repository/org/checkerframework/checker-qual/3.31.0/checker-qual-3.31.0.jar:/home/yarik/.m2/repository/org/projectlombok/lombok/1.18.30/lombok-1.18.30.jar:/home/yarik/.m2/repository/com/fasterxml/jackson/core/jackson-databind/2.15.3/jackson-databind-2.15.3.jar:/home/yarik/.m2/repository/com/fasterxml/jackson/core/jackson-annotations/2.15.3/jackson-annotations-2.15.3.jar:/home/yarik/.m2/repository/com/fasterxml/jackson/core/jackson-core/2.15.3/jackson-core-2.15.3.jar:/home/yarik/.m2/repository/org/springframework/boot/spring-boot-starter-test/3.1.5/spring-boot-starter-test-3.1.5.jar:/home/yarik/.m2/repository/org/springframework/boot/spring-boot-test/3.1.5/spring-boot-test-3.1.5.jar:/home/yarik/.m2/repository/org/springframework/boot/spring-boot-test-autoconfigure/3.1.5/spring-boot-test-autoconfigure-3.1.5.jar:/home/yarik/.m2/repository/com/jayway/jsonpath/json-path/2.8.0/json-path-2.8.0.jar:/home/yarik/.m2/repository/jakarta/xml/bind/jakarta.xml.bind-api/4.0.1/jakarta.xml.bind-api-4.0.1.jar:/home/yarik/.m2/repository/jakarta/activation/jakarta.activation-api/2.1.2/jakarta.activation-api-2.1.2.jar:/home/yarik/.m2/repository/net/minidev/json-smart/2.4.11/json-smart-2.4.11.jar:/home/yarik/.m2/repository/net/minidev/accessors-smart/2.4.11/accessors-smart-2.4.11.jar:/home/yarik/.m2/repository/org/hamcrest/hamcrest/2.2/hamcrest-2.2.jar:/home/yarik/.m2/repository/org/mockito/mockito-core/5.3.1/mockito-core-5.3.1.jar:/home/yarik/.m2/repository/net/bytebuddy/byte-buddy-agent/1.14.9/byte-buddy-agent-1.14.9.jar:/home/yarik/.m2/repository/org/objenesis/objenesis/3.3/objenesis-3.3.jar:/home/yarik/.m2/repository/org/skyscreamer/jsonassert/1.5.1/jsonassert-1.5.1.jar:/home/yarik/.m2/repository/com/vaadin/external/google/android-json/0.0.20131108.vaadin1/android-json-0.0.20131108.vaadin1.jar:/home/yarik/.m2/repository/org/springframework/spring-core/6.0.13/spring-core-6.0.13.jar:/home/yarik/.m2/repository/org/springframework/spring-jcl/6.0.13/spring-jcl-6.0.13.jar:/home/yarik/.m2/repository/org/springframework/spring-test/6.0.13/spring-test-6.0.13.jar:/home/yarik/.m2/repository/org/xmlunit/xmlunit-core/2.9.1/xmlunit-core-2.9.1.jar:/home/yarik/.m2/repository/org/springframework/security/spring-security-test/6.1.5/spring-security-test-6.1.5.jar:/home/yarik/.m2/repository/org/springframework/security/spring-security-core/6.1.5/spring-security-core-6.1.5.jar:/home/yarik/.m2/repository/org/springframework/security/spring-security-crypto/6.1.5/spring-security-crypto-6.1.5.jar:/home/yarik/.m2/repository/org/junit/jupiter/junit-jupiter/5.9.3/junit-jupiter-5.9.3.jar:/home/yarik/.m2/repository/org/junit/jupiter/junit-jupiter-api/5.9.3/junit-jupiter-api-5.9.3.jar:/home/yarik/.m2/repository/org/opentest4j/opentest4j/1.2.0/opentest4j-1.2.0.jar:/home/yarik/.m2/repository/org/junit/platform/junit-platform-commons/1.9.3/junit-platform-commons-1.9.3.jar:/home/yarik/.m2/repository/org/junit/jupiter/junit-jupiter-params/5.9.3/junit-jupiter-params-5.9.3.jar:/home/yarik/.m2/repository/org/junit/jupiter/junit-jupiter-engine/5.9.3/junit-jupiter-engine-5.9.3.jar:/home/yarik/.m2/repository/org/junit/platform/junit-platform-engine/1.9.3/junit-platform-engine-1.9.3.jar:/home/yarik/.m2/repository/org/mockito/mockito-junit-jupiter/5.3.1/mockito-junit-jupiter-5.3.1.jar:/home/yarik/.m2/repository/org/assertj/assertj-core/3.24.2/assertj-core-3.24.2.jar:/home/yarik/.m2/repository/net/bytebuddy/byte-buddy/1.14.9/byte-buddy-1.14.9.jar:/home/yarik/.m2/repository/org/testcontainers/junit-jupiter/1.18.3/junit-jupiter-1.18.3.jar:/home/yarik/.m2/repository/org/testcontainers/testcontainers/1.18.3/testcontainers-1.18.3.jar:/home/yarik/.m2/repository/junit/junit/4.13.2/junit-4.13.2.jar:/home/yarik/.m2/repository/org/apache/commons/commons-compress/1.23.0/commons-compress-1.23.0.jar:/home/yarik/.m2/repository/org/rnorth/duct-tape/duct-tape/1.0.8/duct-tape-1.0.8.jar:/home/yarik/.m2/repository/com/github/docker-java/docker-java-api/3.3.0/docker-java-api-3.3.0.jar:/home/yarik/.m2/repository/com/github/docker-java/docker-java-transport-zerodep/3.3.0/docker-java-transport-zerodep-3.3.0.jar:/home/yarik/.m2/repository/com/github/docker-java/docker-java-transport/3.3.0/docker-java-transport-3.3.0.jar:/home/yarik/.m2/repository/net/java/dev/jna/jna/5.12.1/jna-5.12.1.jar:/home/yarik/.m2/repository/org/testcontainers/postgresql/1.18.3/postgresql-1.18.3.jar:/home/yarik/.m2/repository/org/testcontainers/jdbc/1.18.3/jdbc-1.18.3.jar:/home/yarik/.m2/repository/org/testcontainers/database-commons/1.18.3/database-commons-1.18.3.jar:/home/yarik/.m2/repository/com/github/tomakehurst/wiremock-jre8/2.35.0/wiremock-jre8-2.35.0.jar:/home/yarik/.m2/repository/org/eclipse/jetty/jetty-server/11.0.17/jetty-server-11.0.17.jar:/home/yarik/.m2/repository/org/eclipse/jetty/toolchain/jetty-jakarta-servlet-api/5.0.2/jetty-jakarta-servlet-api-5.0.2.jar:/home/yarik/.m2/repository/org/eclipse/jetty/jetty-http/11.0.17/jetty-http-11.0.17.jar:/home/yarik/.m2/repository/org/eclipse/jetty/jetty-io/11.0.17/jetty-io-11.0.17.jar:/home/yarik/.m2/repository/org/eclipse/jetty/jetty-servlet/11.0.17/jetty-servlet-11.0.17.jar:/home/yarik/.m2/repository/org/eclipse/jetty/jetty-security/11.0.17/jetty-security-11.0.17.jar:/home/yarik/.m2/repository/org/eclipse/jetty/jetty-servlets/11.0.17/jetty-servlets-11.0.17.jar:/home/yarik/.m2/repository/org/eclipse/jetty/jetty-util/11.0.17/jetty-util-11.0.17.jar:/home/yarik/.m2/repository/org/eclipse/jetty/jetty-webapp/11.0.17/jetty-webapp-11.0.17.jar:/home/yarik/.m2/repository/org/eclipse/jetty/jetty-xml/11.0.17/jetty-xml-11.0.17.jar:/home/yarik/.m2/repository/org/eclipse/jetty/jetty-proxy/11.0.17/jetty-proxy-11.0.17.jar:/home/yarik/.m2/repository/org/eclipse/jetty/jetty-client/11.0.17/jetty-client-11.0.17.jar:/home/yarik/.m2/repository/org/eclipse/jetty/http2/http2-server/11.0.17/http2-server-11.0.17.jar:/home/yarik/.m2/repository/org/eclipse/jetty/http2/http2-common/11.0.17/http2-common-11.0.17.jar:/home/yarik/.m2/repository/org/eclipse/jetty/http2/http2-hpack/11.0.17/http2-hpack-11.0.17.jar:/home/yarik/.m2/repository/org/eclipse/jetty/jetty-alpn-server/11.0.17/jetty-alpn-server-11.0.17.jar:/home/yarik/.m2/repository/org/eclipse/jetty/jetty-alpn-java-server/11.0.17/jetty-alpn-java-server-11.0.17.jar:/home/yarik/.m2/repository/org/eclipse/jetty/jetty-alpn-openjdk8-server/9.4.49.v20220914/jetty-alpn-openjdk8-server-9.4.49.v20220914.jar:/home/yarik/.m2/repository/org/eclipse/jetty/jetty-alpn-java-client/11.0.17/jetty-alpn-java-client-11.0.17.jar:/home/yarik/.m2/repository/org/eclipse/jetty/jetty-alpn-client/11.0.17/jetty-alpn-client-11.0.17.jar:/home/yarik/.m2/repository/org/eclipse/jetty/jetty-alpn-openjdk8-client/9.4.49.v20220914/jetty-alpn-openjdk8-client-9.4.49.v20220914.jar:/home/yarik/.m2/repository/com/google/guava/guava/31.1-jre/guava-31.1-jre.jar:/home/yarik/.m2/repository/com/google/guava/failureaccess/1.0.1/failureaccess-1.0.1.jar:/home/yarik/.m2/repository/com/google/guava/listenablefuture/9999.0-empty-to-avoid-conflict-with-guava/listenablefuture-9999.0-empty-to-avoid-conflict-with-guava.jar:/home/yarik/.m2/repository/com/google/code/findbugs/jsr305/3.0.2/jsr305-3.0.2.jar:/home/yarik/.m2/repository/com/google/errorprone/error_prone_annotations/2.11.0/error_prone_annotations-2.11.0.jar:/home/yarik/.m2/repository/com/google/j2objc/j2objc-annotations/1.3/j2objc-annotations-1.3.jar:/home/yarik/.m2/repository/org/apache/httpcomponents/client5/httpclient5/5.2.1/httpclient5-5.2.1.jar:/home/yarik/.m2/repository/org/apache/httpcomponents/core5/httpcore5/5.2.3/httpcore5-5.2.3.jar:/home/yarik/.m2/repository/org/apache/httpcomponents/core5/httpcore5-h2/5.2.3/httpcore5-h2-5.2.3.jar:/home/yarik/.m2/repository/org/xmlunit/xmlunit-legacy/2.9.1/xmlunit-legacy-2.9.1.jar:/home/yarik/.m2/repository/org/xmlunit/xmlunit-placeholders/2.9.1/xmlunit-placeholders-2.9.1.jar:/home/yarik/.m2/repository/net/javacrumbs/json-unit/json-unit-core/2.36.0/json-unit-core-2.36.0.jar:/home/yarik/.m2/repository/org/hamcrest/hamcrest-core/2.2/hamcrest-core-2.2.jar:/home/yarik/.m2/repository/org/ow2/asm/asm/9.4/asm-9.4.jar:/home/yarik/.m2/repository/net/sf/jopt-simple/jopt-simple/5.0.4/jopt-simple-5.0.4.jar:/home/yarik/.m2/repository/org/apache/commons/commons-lang3/3.12.0/commons-lang3-3.12.0.jar:/home/yarik/.m2/repository/com/github/jknack/handlebars/4.3.1/handlebars-4.3.1.jar:/home/yarik/.m2/repository/com/github/jknack/handlebars-helpers/4.3.1/handlebars-helpers-4.3.1.jar:/home/yarik/.m2/repository/commons-fileupload/commons-fileupload/1.4/commons-fileupload-1.4.jar:/home/yarik/.m2/repository/commons-io/commons-io/2.11.0/commons-io-2.11.0.jar:/home/yarik/.m2/repository/org/slf4j/slf4j-api/2.0.9/slf4j-api-2.0.9.jar:/home/yarik/.m2/repository/org/apache/jmeter/ApacheJMeter_core/5.5/ApacheJMeter_core-5.5.jar:/home/yarik/.m2/repository/org/apache/jmeter/ApacheJMeter/5.5/ApacheJMeter-5.5.jar:/home/yarik/.m2/repository/org/apache/jmeter/jorphan/5.5/jorphan-5.5.jar:/home/yarik/.m2/repository/bsf/bsf/2.4.0/bsf-2.4.0.jar:/home/yarik/.m2/repository/commons-logging/commons-logging/1.0.4/commons-logging-1.0.4.jar:/home/yarik/.m2/repository/com/fifesoft/rsyntaxtextarea/3.2.0/rsyntaxtextarea-3.2.0.jar:/home/yarik/.m2/repository/net/sf/jtidy/jtidy/r938/jtidy-r938.jar:/home/yarik/.m2/repository/com/thoughtworks/xstream/xstream/1.4.19/xstream-1.4.19.jar:/home/yarik/.m2/repository/io/github/x-stream/mxparser/1.2.2/mxparser-1.2.2.jar:/home/yarik/.m2/repository/xmlpull/xmlpull/1.1.3.1/xmlpull-1.1.3.1.jar:/home/yarik/.m2/repository/org/apache/logging/log4j/log4j-1.2-api/2.20.0/log4j-1.2-api-2.20.0.jar:/home/yarik/.m2/repository/org/apache/logging/log4j/log4j-api/2.20.0/log4j-api-2.20.0.jar:/home/yarik/.m2/repository/org/apache/logging/log4j/log4j-core/2.20.0/log4j-core-2.20.0.jar:/home/yarik/.m2/repository/org/apache/logging/log4j/log4j-slf4j-impl/2.20.0/log4j-slf4j-impl-2.20.0.jar:/home/yarik/.m2/repository/org/apiguardian/apiguardian-api/1.1.2/apiguardian-api-1.1.2.jar:/home/yarik/.m2/repository/oro/oro/2.0.8/oro-2.0.8.jar:/home/yarik/.m2/repository/xalan/xalan/2.7.2/xalan-2.7.2.jar:/home/yarik/.m2/repository/xalan/serializer/2.7.2/serializer-2.7.2.jar:/home/yarik/.m2/repository/net/sf/saxon/Saxon-HE/11.3/Saxon-HE-11.3.jar:/home/yarik/.m2/repository/org/xmlresolver/xmlresolver/4.2.0/xmlresolver-4.2.0.jar:/home/yarik/.m2/repository/org/apache/httpcomponents/httpclient/4.5.13/httpclient-4.5.13.jar:/home/yarik/.m2/repository/org/apache/httpcomponents/httpcore/4.4.16/httpcore-4.4.16.jar:/home/yarik/.m2/repository/org/xmlresolver/xmlresolver/4.2.0/xmlresolver-4.2.0-data.jar:/home/yarik/.m2/repository/org/jetbrains/kotlin/kotlin-stdlib-jdk8/1.8.22/kotlin-stdlib-jdk8-1.8.22.jar:/home/yarik/.m2/repository/org/jetbrains/kotlin/kotlin-stdlib/1.8.22/kotlin-stdlib-1.8.22.jar:/home/yarik/.m2/repository/org/jetbrains/kotlin/kotlin-stdlib-jdk7/1.8.22/kotlin-stdlib-jdk7-1.8.22.jar:/home/yarik/.m2/repository/org/jetbrains/kotlinx/kotlinx-coroutines-core/1.6.4/kotlinx-coroutines-core-1.6.4.jar:/home/yarik/.m2/repository/org/jetbrains/kotlinx/kotlinx-coroutines-core-jvm/1.6.4/kotlinx-coroutines-core-jvm-1.6.4.jar:/home/yarik/.m2/repository/org/jetbrains/kotlinx/kotlinx-coroutines-swing/1.6.4/kotlinx-coroutines-swing-1.6.4.jar:/home/yarik/.m2/repository/com/formdev/svgSalamander/1.1.2.4/svgSalamander-1.1.2.4.jar:/home/yarik/.m2/repository/com/github/ben-manes/caffeine/caffeine/3.1.8/caffeine-3.1.8.jar:/home/yarik/.m2/repository/com/github/weisj/darklaf-core/2.7.3/darklaf-core-2.7.3.jar:/home/yarik/.m2/repository/com/github/weisj/darklaf-utils/2.7.3/darklaf-utils-2.7.3.jar:/home/yarik/.m2/repository/com/github/weisj/darklaf-native-utils/2.7.3/darklaf-native-utils-2.7.3.jar:/home/yarik/.m2/repository/com/github/weisj/darklaf-platform-base/2.7.3/darklaf-platform-base-2.7.3.jar:/home/yarik/.m2/repository/com/github/weisj/darklaf-windows/2.7.3/darklaf-windows-2.7.3.jar:/home/yarik/.m2/repository/com/github/weisj/darklaf-macos/2.7.3/darklaf-macos-2.7.3.jar:/home/yarik/.m2/repository/com/github/weisj/swing-extensions-laf-support/0.1.3/swing-extensions-laf-support-0.1.3.jar:/home/yarik/.m2/repository/com/github/weisj/darklaf-theme/2.7.3/darklaf-theme-2.7.3.jar:/home/yarik/.m2/repository/com/github/weisj/darklaf-property-loader/2.7.3/darklaf-property-loader-2.7.3.jar:/home/yarik/.m2/repository/com/github/weisj/swing-extensions-visual-padding/0.1.3/swing-extensions-visual-padding-0.1.3.jar:/home/yarik/.m2/repository/org/jetbrains/annotations/16.0.2/annotations-16.0.2.jar:/home/yarik/.m2/repository/com/github/weisj/darklaf-extensions-rsyntaxarea/0.3.4/darklaf-extensions-rsyntaxarea-0.3.4.jar:/home/yarik/.m2/repository/com/miglayout/miglayout-swing/5.3/miglayout-swing-5.3.jar:/home/yarik/.m2/repository/com/miglayout/miglayout-core/5.3/miglayout-core-5.3.jar:/home/yarik/.m2/repository/commons-codec/commons-codec/1.15/commons-codec-1.15.jar:/home/yarik/.m2/repository/commons-collections/commons-collections/3.2.2/commons-collections-3.2.2.jar:/home/yarik/.m2/repository/org/jetbrains/lets-plot/lets-plot-batik/2.2.1/lets-plot-batik-2.2.1.jar:/home/yarik/.m2/repository/org/apache/xmlgraphics/batik-codec/1.14/batik-codec-1.14.jar:/home/yarik/.m2/repository/org/apache/xmlgraphics/batik-awt-util/1.14/batik-awt-util-1.14.jar:/home/yarik/.m2/repository/org/apache/xmlgraphics/batik-bridge/1.14/batik-bridge-1.14.jar:/home/yarik/.m2/repository/org/apache/xmlgraphics/batik-anim/1.14/batik-anim-1.14.jar:/home/yarik/.m2/repository/org/apache/xmlgraphics/batik-ext/1.14/batik-ext-1.14.jar:/home/yarik/.m2/repository/org/apache/xmlgraphics/batik-css/1.14/batik-css-1.14.jar:/home/yarik/.m2/repository/org/apache/xmlgraphics/batik-dom/1.14/batik-dom-1.14.jar:/home/yarik/.m2/repository/org/apache/xmlgraphics/batik-gvt/1.14/batik-gvt-1.14.jar:/home/yarik/.m2/repository/org/apache/xmlgraphics/batik-parser/1.14/batik-parser-1.14.jar:/home/yarik/.m2/repository/org/apache/xmlgraphics/batik-script/1.14/batik-script-1.14.jar:/home/yarik/.m2/repository/org/apache/xmlgraphics/batik-svg-dom/1.14/batik-svg-dom-1.14.jar:/home/yarik/.m2/repository/org/apache/xmlgraphics/batik-xml/1.14/batik-xml-1.14.jar:/home/yarik/.m2/repository/xml-apis/xml-apis-ext/1.3.04/xml-apis-ext-1.3.04.jar:/home/yarik/.m2/repository/org/apache/xmlgraphics/batik-shared-resources/1.14/batik-shared-resources-1.14.jar:/home/yarik/.m2/repository/org/apache/xmlgraphics/batik-transcoder/1.14/batik-transcoder-1.14.jar:/home/yarik/.m2/repository/org/apache/xmlgraphics/batik-svggen/1.14/batik-svggen-1.14.jar:/home/yarik/.m2/repository/org/apache/xmlgraphics/batik-util/1.14/batik-util-1.14.jar:/home/yarik/.m2/repository/org/apache/xmlgraphics/batik-constants/1.14/batik-constants-1.14.jar:/home/yarik/.m2/repository/org/apache/xmlgraphics/batik-i18n/1.14/batik-i18n-1.14.jar:/home/yarik/.m2/repository/org/jetbrains/lets-plot/lets-plot-common/2.2.1/lets-plot-common-2.2.1.jar:/home/yarik/.m2/repository/io/github/microutils/kotlin-logging/2.0.5/kotlin-logging-2.0.5.jar:/home/yarik/.m2/repository/org/jetbrains/kotlinx/kotlinx-html-jvm/0.7.3/kotlinx-html-jvm-0.7.3.jar:/home/yarik/.m2/repository/org/jetbrains/lets-plot/lets-plot-kotlin-jvm/3.1.1/lets-plot-kotlin-jvm-3.1.1.jar:/home/yarik/.m2/repository/org/jetbrains/lets-plot/base-portable-jvm/2.2.1/base-portable-jvm-2.2.1.jar:/home/yarik/.m2/repository/org/jetbrains/lets-plot/plot-base-portable-jvm/2.2.1/plot-base-portable-jvm-2.2.1.jar:/home/yarik/.m2/repository/org/jetbrains/lets-plot/vis-svg-portable-jvm/2.2.1/vis-svg-portable-jvm-2.2.1.jar:/home/yarik/.m2/repository/org/jetbrains/lets-plot/plot-common-portable-jvm/2.2.1/plot-common-portable-jvm-2.2.1.jar:/home/yarik/.m2/repository/org/jetbrains/lets-plot/plot-builder-portable-jvm/2.2.1/plot-builder-portable-jvm-2.2.1.jar:/home/yarik/.m2/repository/org/jetbrains/lets-plot/plot-config-portable-jvm/2.2.1/plot-config-portable-jvm-2.2.1.jar:/home/yarik/.m2/repository/org/jetbrains/kotlin/kotlin-stdlib-common/1.8.22/kotlin-stdlib-common-1.8.22.jar:/home/yarik/.m2/repository/io/github/microutils/kotlin-logging-jvm/2.0.5/kotlin-logging-jvm-2.0.5.jar:/home/yarik/.m2/repository/org/apache/commons/commons-collections4/4.4/commons-collections4-4.4.jar:/home/yarik/.m2/repository/org/apache/commons/commons-math3/3.6.1/commons-math3-3.6.1.jar:/home/yarik/.m2/repository/org/apache/commons/commons-text/1.9/commons-text-1.9.jar:/home/yarik/.m2/repository/org/apache/tika/tika-core/1.28.3/tika-core-1.28.3.jar:/home/yarik/.m2/repository/org/apache/xmlgraphics/xmlgraphics-commons/2.7/xmlgraphics-commons-2.7.jar:/home/yarik/.m2/repository/org/freemarker/freemarker/2.3.32/freemarker-2.3.32.jar:/home/yarik/.m2/repository/org/jodd/jodd-core/5.0.13/jodd-core-5.0.13.jar:/home/yarik/.m2/repository/org/jodd/jodd-props/5.0.13/jodd-props-5.0.13.jar:/home/yarik/.m2/repository/org/mozilla/rhino/1.7.14/rhino-1.7.14.jar:/home/yarik/.m2/repository/org/slf4j/jcl-over-slf4j/2.0.9/jcl-over-slf4j-2.0.9.jar:/home/yarik/.m2/repository/org/codehaus/groovy/groovy/3.0.11/groovy-3.0.11.jar:/home/yarik/.m2/repository/org/codehaus/groovy/groovy-dateutil/3.0.11/groovy-dateutil-3.0.11.jar:/home/yarik/.m2/repository/org/codehaus/groovy/groovy-datetime/3.0.11/groovy-datetime-3.0.11.jar:/home/yarik/.m2/repository/org/codehaus/groovy/groovy-jmx/3.0.11/groovy-jmx-3.0.11.jar:/home/yarik/.m2/repository/org/codehaus/groovy/groovy-json/3.0.11/groovy-json-3.0.11.jar:/home/yarik/.m2/repository/org/codehaus/groovy/groovy-jsr223/3.0.11/groovy-jsr223-3.0.11.jar:/home/yarik/.m2/repository/org/codehaus/groovy/groovy-sql/3.0.11/groovy-sql-3.0.11.jar:/home/yarik/.m2/repository/org/codehaus/groovy/groovy-templates/3.0.11/groovy-templates-3.0.11.jar:/home/yarik/.m2/repository/org/codehaus/groovy/groovy-xml/3.0.11/groovy-xml-3.0.11.jar:/home/yarik/.m2/repository/org/apache/tika/tika-parsers/1.28.3/tika-parsers-1.28.3.jar:/home/yarik/.m2/repository/xerces/xercesImpl/2.12.2/xercesImpl-2.12.2.jar:/home/yarik/.m2/repository/xml-apis/xml-apis/1.4.01/xml-apis-1.4.01.jar:"/>
    <property name="sun.cpu.endian" value="little"/>
    <property name="user.home" value="/home/yarik"/>
    <property name="user.language" value="en"/>
    <property name="java.specification.vendor" value="Oracle Corporation"/>
    <property name="java.version.date" value="2025-07-15"/>
    <property name="java.home" value="/usr/lib/jvm/java-21-openjdk-amd64"/>
    <property name="file.separator" value="/"/>
    <property name="basedir" value="/home/yarik/eu/eu-enterprise-programming-java/practice-10"/>
    <property name="java.vm.compressedOopsMode" value="Zero based"/>
    <property name="line.separator" value="&#10;"/>
    <property name="java.specification.name" value="Java Platform API Specification"/>
    <property name="java.vm.specification.vendor" value="Oracle Corporation"/>
    <property name="FILE_LOG_CHARSET" value="UTF-8"/>
    <property name="java.awt.headless" value="true"/>
    <property name="surefire.real.class.path" value="/home/yarik/eu/eu-enterprise-programming-java/practice-10/target/surefire/surefirebooter-20251005091734380_3.jar"/>
    <property name="sun.management.compiler" value="HotSpot 64-Bit Tiered Compilers"/>
    <property name="java.runtime.version" value="21.0.8+9-Ubuntu-0ubuntu124.04.1"/>
    <property name="user.name" value="yarik"/>
    <property name="stdout.encoding" value="UTF-8"/>
    <property name="path.separator" value=":"/>
    <property name="os.version" value="6.6.87.2-microsoft-standard-WSL2"/>
    <property name="java.runtime.name" value="OpenJDK Runtime Environment"/>
    <property name="file.encoding" value="UTF-8"/>
    <property name="jnidispatch.path" value="/home/yarik/.cache/JNA/temp/jna8630362751444234509.tmp"/>
    <property name="java.vm.name" value="OpenJDK 64-Bit Server VM"/>
    <property name="jna.platform.library.path" value="/usr/lib/x86_64-linux-gnu:/lib/x86_64-linux-gnu:/usr/lib64:/lib64:/usr/lib:/lib:/usr/lib/x86_64-linux-gnu/libfakeroot:/usr/lib/wsl/lib"/>
    <property name="localRepository" value="/home/yarik/.m2/repository"/>
    <property name="jna.loaded" value="true"/>
    <property name="java.vendor.url.bug" value="https://bugs.launchpad.net/ubuntu/+source/openjdk-21"/>
    <property name="java.io.tmpdir" value="/tmp"/>
    <property name="com.zaxxer.hikari.pool_number" value="7"/>
    <property name="java.version" value="21.0.8"/>
    <property name="user.dir" value="/home/yarik/eu/eu-enterprise-programming-java/practice-10"/>
    <property name="os.arch" value="amd64"/>
    <property name="java.vm.specification.name" value="Java Virtual Machine Specification"/>
    <property name="PID" value="12986"/>
    <property name="CONSOLE_LOG_CHARSET" value="UTF-8"/>
    <property name="native.encoding" value="UTF-8"/>
    <property name="java.library.path" value="/usr/java/packages/lib:/usr/lib/x86_64-linux-gnu/jni:/lib/x86_64-linux-gnu:/usr/lib/x86_64-linux-gnu:/usr/lib/jni:/lib:/usr/lib"/>
    <property name="stderr.encoding" value="UTF-8"/>
    <property name="java.vm.info" value="mixed mode, sharing"/>
    <property name="java.vendor" value="Ubuntu"/>
    <property name="java.vm.version" value="21.0.8+9-Ubuntu-0ubuntu124.04.1"/>
    <property name="sun.io.unicode.encoding" value="UnicodeLittle"/>
    <property name="java.class.version" value="65.0"/>
  </properties>
  <testcase name="" classname="ua.edu.practice.integration.OrderTestContainersIntegrationTest" time="0.355">
    <error message="Could not find a valid Docker environment. Please see logs and check configuration" type="java.lang.IllegalStateException"><![CDATA[java.lang.IllegalStateException: Could not find a valid Docker environment. Please see logs and check configuration
	at org.testcontainers.dockerclient.DockerClientProviderStrategy.lambda$getFirstValidStrategy$7(DockerClientProviderStrategy.java:276)
	at java.base/java.util.Optional.orElseThrow(Optional.java:403)
	at org.testcontainers.dockerclient.DockerClientProviderStrategy.getFirstValidStrategy(DockerClientProviderStrategy.java:267)
	at org.testcontainers.DockerClientFactory.getOrInitializeStrategy(DockerClientFactory.java:150)
	at org.testcontainers.DockerClientFactory.client(DockerClientFactory.java:191)
	at org.testcontainers.DockerClientFactory$1.getDockerClient(DockerClientFactory.java:104)
	at com.github.dockerjava.api.DockerClientDelegate.authConfig(DockerClientDelegate.java:109)
	at org.testcontainers.containers.GenericContainer.start(GenericContainer.java:321)
	at org.testcontainers.junit.jupiter.TestcontainersExtension$StoreAdapter.start(TestcontainersExtension.java:274)
	at org.testcontainers.junit.jupiter.TestcontainersExtension$StoreAdapter.access$200(TestcontainersExtension.java:261)
	at org.testcontainers.junit.jupiter.TestcontainersExtension.lambda$null$3(TestcontainersExtension.java:76)
	at org.junit.jupiter.engine.execution.ExtensionValuesStore.lambda$getOrComputeIfAbsent$4(ExtensionValuesStore.java:86)
	at org.junit.jupiter.engine.execution.ExtensionValuesStore$MemoizingSupplier.computeValue(ExtensionValuesStore.java:223)
	at org.junit.jupiter.engine.execution.ExtensionValuesStore$MemoizingSupplier.get(ExtensionValuesStore.java:211)
	at org.junit.jupiter.engine.execution.ExtensionValuesStore$StoredValue.evaluate(ExtensionValuesStore.java:191)
	at org.junit.jupiter.engine.execution.ExtensionValuesStore$StoredValue.access$100(ExtensionValuesStore.java:171)
	at org.junit.jupiter.engine.execution.ExtensionValuesStore.getOrComputeIfAbsent(ExtensionValuesStore.java:89)
	at org.junit.jupiter.engine.execution.NamespaceAwareStore.getOrComputeIfAbsent(NamespaceAwareStore.java:53)
	at org.testcontainers.junit.jupiter.TestcontainersExtension.lambda$startContainers$4(TestcontainersExtension.java:76)
	at java.base/java.util.ArrayList.forEach(ArrayList.java:1596)
	at org.testcontainers.junit.jupiter.TestcontainersExtension.startContainers(TestcontainersExtension.java:76)
	at org.testcontainers.junit.jupiter.TestcontainersExtension.beforeAll(TestcontainersExtension.java:56)
	at org.junit.jupiter.engine.descriptor.ClassBasedTestDescriptor.lambda$invokeBeforeAllCallbacks$12(ClassBasedTestDescriptor.java:395)
	at org.junit.platform.engine.support.hierarchical.ThrowableCollector.execute(ThrowableCollector.java:73)
	at org.junit.jupiter.engine.descriptor.ClassBasedTestDescriptor.invokeBeforeAllCallbacks(ClassBasedTestDescriptor.java:395)
	at org.junit.jupiter.engine.descriptor.ClassBasedTestDescriptor.before(ClassBasedTestDescriptor.java:211)
	at org.junit.jupiter.engine.descriptor.ClassBasedTestDescriptor.before(ClassBasedTestDescriptor.java:84)
	at org.junit.platform.engine.support.hierarchical.NodeTestTask.lambda$executeRecursively$6(NodeTestTask.java:148)
	at org.junit.platform.engine.support.hierarchical.ThrowableCollector.execute(ThrowableCollector.java:73)
	at org.junit.platform.engine.support.hierarchical.NodeTestTask.lambda$executeRecursively$8(NodeTestTask.java:141)
	at org.junit.platform.engine.support.hierarchical.Node.around(Node.java:137)
	at org.junit.platform.engine.support.hierarchical.NodeTestTask.lambda$executeRecursively$9(NodeTestTask.java:139)
	at org.junit.platform.engine.support.hierarchical.ThrowableCollector.execute(ThrowableCollector.java:73)
	at org.junit.platform.engine.support.hierarchical.NodeTestTask.executeRecursively(NodeTestTask.java:138)
	at org.junit.platform.engine.support.hierarchical.NodeTestTask.execute(NodeTestTask.java:95)
	at java.base/java.util.ArrayList.forEach(ArrayList.java:1596)
	at org.junit.platform.engine.support.hierarchical.SameThreadHierarchicalTestExecutorService.invokeAll(SameThreadHierarchicalTestExecutorService.java:41)
	at org.junit.platform.engine.support.hierarchical.NodeTestTask.lambda$executeRecursively$6(NodeTestTask.java:155)
	at org.junit.platform.engine.support.hierarchical.ThrowableCollector.execute(ThrowableCollector.java:73)
	at org.junit.platform.engine.support.hierarchical.NodeTestTask.lambda$executeRecursively$8(NodeTestTask.java:141)
	at org.junit.platform.engine.support.hierarchical.Node.around(Node.java:137)
	at org.junit.platform.engine.support.hierarchical.NodeTestTask.lambda$executeRecursively$9(NodeTestTask.java:139)
	at org.junit.platform.engine.support.hierarchical.ThrowableCollector.execute(ThrowableCollector.java:73)
	at org.junit.platform.engine.support.hierarchical.NodeTestTask.executeRecursively(NodeTestTask.java:138)
	at org.junit.platform.engine.support.hierarchical.NodeTestTask.execute(NodeTestTask.java:95)
	at org.junit.platform.engine.support.hierarchical.SameThreadHierarchicalTestExecutorService.submit(SameThreadHierarchicalTestExecutorService.java:35)
	at org.junit.platform.engine.support.hierarchical.HierarchicalTestExecutor.execute(HierarchicalTestExecutor.java:57)
	at org.junit.platform.engine.support.hierarchical.HierarchicalTestEngine.execute(HierarchicalTestEngine.java:54)
	at org.junit.platform.launcher.core.EngineExecutionOrchestrator.execute(EngineExecutionOrchestrator.java:147)
	at org.junit.platform.launcher.core.EngineExecutionOrchestrator.execute(EngineExecutionOrchestrator.java:127)
	at org.junit.platform.launcher.core.EngineExecutionOrchestrator.execute(EngineExecutionOrchestrator.java:90)
	at org.junit.platform.launcher.core.EngineExecutionOrchestrator.lambda$execute$0(EngineExecutionOrchestrator.java:55)
	at org.junit.platform.launcher.core.EngineExecutionOrchestrator.withInterceptedStreams(EngineExecutionOrchestrator.java:102)
	at org.junit.platform.launcher.core.EngineExecutionOrchestrator.execute(EngineExecutionOrchestrator.java:54)
	at org.junit.platform.launcher.core.DefaultLauncher.execute(DefaultLauncher.java:114)
	at org.junit.platform.launcher.core.DefaultLauncher.execute(DefaultLauncher.java:86)
	at org.junit.platform.launcher.core.DefaultLauncherSession$DelegatingLauncher.execute(DefaultLauncherSession.java:86)
	at org.apache.maven.surefire.junitplatform.LazyLauncher.execute(LazyLauncher.java:50)
	at org.apache.maven.surefire.junitplatform.JUnitPlatformProvider.execute(JUnitPlatformProvider.java:184)
	at org.apache.maven.surefire.junitplatform.JUnitPlatformProvider.invokeAllTests(JUnitPlatformProvider.java:148)
	at org.apache.maven.surefire.junitplatform.JUnitPlatformProvider.invoke(JUnitPlatformProvider.java:122)
	at org.apache.maven.surefire.booter.ForkedBooter.runSuitesInProcess(ForkedBooter.java:385)
	at org.apache.maven.surefire.booter.ForkedBooter.execute(ForkedBooter.java:162)
	at org.apache.maven.surefire.booter.ForkedBooter.run(ForkedBooter.java:507)
	at org.apache.maven.surefire.booter.ForkedBooter.main(ForkedBooter.java:495)
]]></error>
    <system-out><![CDATA[2025-10-05T09:17:59.199Z ERROR 12986 --- [           main] o.t.d.DockerClientProviderStrategy       : Could not find a valid Docker environment. Please check configuration. Attempted configurations were:
	UnixSocketClientProviderStrategy: failed with exception InvalidConfigurationException (Could not find unix domain socket). Root cause NoSuchFileException (/var/run/docker.sock)
	DockerDesktopClientProviderStrategy: failed with exception NullPointerException (Cannot invoke "java.nio.file.Path.toString()" because the return value of "org.testcontainers.dockerclient.DockerDesktopClientProviderStrategy.getSocketPath()" is null)As no valid configuration was found, execution cannot continue.
See https://www.testcontainers.org/on_failure.html for more details.
]]></system-out>
  </testcase>
</testsuite>